modules/whatsapp-notification-listener/android/build/intermediates/manifest_merge_blame_file/debug/processDebugManifest/manifest-merger-blame-debug-report.txt
1<?xml version="1.0" encoding="utf-8"?>
2<manifest xmlns:android="http://schemas.android.com/apk/res/android"
3    package="com.infornics.whatsappnotificationlistener" >
4
5    <uses-sdk android:minSdkVersion="24" />
6
7    <application>
7-->src/main/AndroidManifest.xml:4:3-13:17
8        <service
8-->src/main/AndroidManifest.xml:5:5-12:15
9            android:name="com.infornics.whatsappnotificationlistener.WhatsappNotificationService"
9-->src/main/AndroidManifest.xml:5:14-57
10            android:exported="true"
10-->src/main/AndroidManifest.xml:8:14-37
11            android:label="WhatsApp Announcement Listener"
11-->src/main/AndroidManifest.xml:6:14-60
12            android:permission="android.permission.BIND_NOTIFICATION_LISTENER_SERVICE" >
12-->src/main/AndroidManifest.xml:7:14-88
13            <intent-filter>
13-->src/main/AndroidManifest.xml:9:9-11:25
14                <action android:name="android.service.notification.NotificationListenerService" />
14-->src/main/AndroidManifest.xml:10:13-95
14-->src/main/AndroidManifest.xml:10:21-92
15            </intent-filter>
16        </service>
17    </application>
18
19</manifest>